#! /usr/bin/vvp
:ivl_version "10.1 (stable)";
:ivl_delay_selection "TYPICAL";
:vpi_time_precision - 12;
:vpi_module "system";
:vpi_module "vhdl_sys";
:vpi_module "v2005_math";
:vpi_module "va_math";
S_0x56163cbb9570 .scope module, "mux21_tb" "mux21_tb" 2 2;
 .timescale -9 -12;
v0x56163cbd9c50_0 .var "in1", 0 0;
v0x56163cbd9d10_0 .var "in2", 0 0;
v0x56163cbd9de0_0 .net "out", 0 0, L_0x56163cbd9fb0;  1 drivers
v0x56163cbd9ee0_0 .var "sel", 0 0;
S_0x56163cbb96f0 .scope module, "uut" "mux21" 2 5, 3 1 0, S_0x56163cbb9570;
 .timescale 0 0;
    .port_info 0 /INPUT 1 "in1"
    .port_info 1 /INPUT 1 "in2"
    .port_info 2 /INPUT 1 "sel"
    .port_info 3 /OUTPUT 1 "out"
L_0x56163cbd9fb0 .functor BUFZ 1, v0x56163cbd9ac0_0, C4<0>, C4<0>, C4<0>;
v0x56163cbb9930_0 .net "in1", 0 0, v0x56163cbd9c50_0;  1 drivers
v0x56163cbd9870_0 .net "in2", 0 0, v0x56163cbd9d10_0;  1 drivers
v0x56163cbd9930_0 .net "out", 0 0, L_0x56163cbd9fb0;  alias, 1 drivers
v0x56163cbd9a00_0 .net "sel", 0 0, v0x56163cbd9ee0_0;  1 drivers
v0x56163cbd9ac0_0 .var "y", 0 0;
E_0x56163cb7eae0 .event edge, v0x56163cbd9a00_0, v0x56163cbd9870_0, v0x56163cbb9930_0;
    .scope S_0x56163cbb96f0;
T_0 ;
    %wait E_0x56163cb7eae0;
    %load/vec4 v0x56163cbd9a00_0;
    %flag_set/vec4 8;
    %jmp/0xz  T_0.0, 8;
    %load/vec4 v0x56163cbd9870_0;
    %assign/vec4 v0x56163cbd9ac0_0, 0;
    %jmp T_0.1;
T_0.0 ;
    %load/vec4 v0x56163cbb9930_0;
    %assign/vec4 v0x56163cbd9ac0_0, 0;
T_0.1 ;
    %jmp T_0;
    .thread T_0, $push;
    .scope S_0x56163cbb9570;
T_1 ;
    %vpi_call 2 8 "$dumpfile", "mux21_tb.vcd" {0 0 0};
    %vpi_call 2 9 "$dumpvars", 32'sb00000000000000000000000000000000, S_0x56163cbb9570 {0 0 0};
    %pushi/vec4 0, 0, 1;
    %store/vec4 v0x56163cbd9ee0_0, 0, 1;
    %pushi/vec4 0, 0, 1;
    %store/vec4 v0x56163cbd9c50_0, 0, 1;
    %pushi/vec4 0, 0, 1;
    %store/vec4 v0x56163cbd9d10_0, 0, 1;
    %delay 300000, 0;
    %vpi_call 2 13 "$finish" {0 0 0};
    %end;
    .thread T_1;
    .scope S_0x56163cbb9570;
T_2 ;
    %delay 80000, 0;
    %load/vec4 v0x56163cbd9ee0_0;
    %inv;
    %store/vec4 v0x56163cbd9ee0_0, 0, 1;
    %jmp T_2;
    .thread T_2;
    .scope S_0x56163cbb9570;
T_3 ;
    %delay 15000, 0;
    %load/vec4 v0x56163cbd9c50_0;
    %inv;
    %store/vec4 v0x56163cbd9c50_0, 0, 1;
    %jmp T_3;
    .thread T_3;
    .scope S_0x56163cbb9570;
T_4 ;
    %delay 40000, 0;
    %load/vec4 v0x56163cbd9d10_0;
    %inv;
    %store/vec4 v0x56163cbd9d10_0, 0, 1;
    %jmp T_4;
    .thread T_4;
# The file index is used to find the file name in the following table.
:file_names 4;
    "N/A";
    "<interactive>";
    "mux_tb.v";
    "mux.v";
